<?xml version="1.0" encoding="UTF-8"?>
<!-- Generated by org.testng.reporters.JUnitReportReporter -->
<testsuite skipped="0" hostname="LHTU05CG6272CN0" name="com.qa.tests.GetAPITest" tests="2" failures="0" timestamp="26 Apr 2020 11:20:54 GMT" time="2.775" errors="0">
  <testcase name="getAPITestWithoutHeaders" time="1.866" classname="com.qa.tests.GetAPITest"/>
  <testcase name="getAPITestWithHeaders" time="0.909" classname="com.qa.tests.GetAPITest"/>
</testsuite> <!-- com.qa.tests.GetAPITest -->
